<?xml version="1.0" encoding="UTF-8"?>
<!-- Generated by org.testng.reporters.JUnitXMLReporter -->
<testsuite ignored="0" hostname="Hestabits-MacBook-Pro.local" failures="4" tests="5" name="Test" time="126.907" errors="0" timestamp="2024-03-28T07:02:42 IST">
  <testcase classname="UrbanTestCases.TC_002_DDT" name="verify_loginDDT" time="29.916"/>
  <testcase classname="UrbanTestCases.TC_002_DDT" name="verify_loginDDT" time="21.318">
    <failure type="java.lang.AssertionError" message="null">
      <![CDATA[java.lang.AssertionError: null
at UrbanTestCases.TC_002_DDT.verify_loginDDT(TC_002_DDT.java:55)
at java.base/java.util.ArrayList.forEach(ArrayList.java:1511)
... Removed 29 stack frames]]>
    </failure>
  </testcase> <!-- verify_loginDDT -->
  <testcase classname="UrbanTestCases.TC_002_DDT" name="verify_loginDDT" time="21.573">
    <failure type="java.lang.AssertionError" message="null">
      <![CDATA[java.lang.AssertionError: null
at UrbanTestCases.TC_002_DDT.verify_loginDDT(TC_002_DDT.java:55)
at java.base/java.util.ArrayList.forEach(ArrayList.java:1511)
... Removed 29 stack frames]]>
    </failure>
  </testcase> <!-- verify_loginDDT -->
  <testcase classname="UrbanTestCases.TC_002_DDT" name="verify_loginDDT" time="22.001">
    <failure type="java.lang.AssertionError" message="null">
      <![CDATA[java.lang.AssertionError: null
at UrbanTestCases.TC_002_DDT.verify_loginDDT(TC_002_DDT.java:55)
at java.base/java.util.ArrayList.forEach(ArrayList.java:1511)
... Removed 29 stack frames]]>
    </failure>
  </testcase> <!-- verify_loginDDT -->
  <testcase classname="UrbanTestCases.TC_002_DDT" name="verify_loginDDT" time="21.785">
    <failure type="java.lang.AssertionError" message="null">
      <![CDATA[java.lang.AssertionError: null
at UrbanTestCases.TC_002_DDT.verify_loginDDT(TC_002_DDT.java:55)
at java.base/java.util.ArrayList.forEach(ArrayList.java:1511)
... Removed 29 stack frames]]>
    </failure>
  </testcase> <!-- verify_loginDDT -->
</testsuite> <!-- Test -->
