<?xml version="1.0" encoding="UTF-8"?>
<testng-results ignored="0" total="1" passed="1" failed="0" skipped="0">
  <reporter-output>
  </reporter-output>
  <suite started-at="2024-03-26T18:57:28 IST" name="Suite" finished-at="2024-03-26T18:58:02 IST" duration-ms="34674">
    <groups>
    </groups>
    <test started-at="2024-03-26T18:57:28 IST" name="Test" finished-at="2024-03-26T18:58:02 IST" duration-ms="34674">
      <class name="UrbanTestCases.TC_001_loginadmin">
        <test-method is-config="true" signature="setup(java.lang.String,java.lang.String)[pri:0, instance:UrbanTestCases.TC_001_loginadmin@7d0b7e3c]" started-at="2024-03-26T18:57:28 IST" name="setup" finished-at="2024-03-26T18:57:37 IST" duration-ms="9766" status="PASS">
          <params>
            <param index="0">
              <value>
                <![CDATA[mac]]>
              </value>
            </param>
            <param index="1">
              <value>
                <![CDATA[chrome]]>
              </value>
            </param>
          </params>
          <reporter-output>
          </reporter-output>
        </test-method> <!-- setup -->
        <test-method signature="sigin()[pri:0, instance:UrbanTestCases.TC_001_loginadmin@7d0b7e3c]" started-at="2024-03-26T18:57:37 IST" name="sigin" finished-at="2024-03-26T18:58:02 IST" duration-ms="24881" status="PASS">
          <reporter-output>
          </reporter-output>
        </test-method> <!-- sigin -->
      </class> <!-- UrbanTestCases.TC_001_loginadmin -->
    </test> <!-- Test -->
  </suite> <!-- Suite -->
</testng-results>
